This file contains any messages produced by compilers while
running configure, to aid debugging if configure makes a mistake.

It was created by configure, which was
generated by GNU Autoconf 2.59.  Invocation command line was

  $ ./configure 

## --------- ##
## Platform. ##
## --------- ##

hostname = NEOIII
uname -m = i386
uname -r = 1
uname -s = OS/2
uname -v = 2.45

/usr/bin/uname -p = unknown
/bin/uname -X     = unknown

/bin/arch              = unknown
/usr/bin/arch -k       = unknown
/usr/convex/getsysinfo = unknown
hostinfo               = unknown
/bin/machine           = unknown
/usr/bin/oslevel       = unknown
/bin/universe          = unknown

PATH: U:\foo
PATH: U:\usr\local452\bin
PATH: U:\usr\local452\libexec\gcc\i386-pc-os2-emx\4.5.2
PATH: u:\extras\bin
PATH: U:\usr\bin
PATH: U:\GLIBIDL\GLIB\gcc\bin
PATH: U:\GLIBIDL\LIBIDL\gcc\bin
PATH: u:\bin
PATH: u:\PERL5\bin
PATH: u:\cmake\bin
PATH: u:\subversion\bin
PATH: u:\dev\qt4\bin
PATH: U:\MOZTOOLS
PATH: U:\EMX\bin
PATH: u:\dev\qt4\bin
PATH: u:\python26
PATH: e:\watcom\binp
PATH: u:\wxpm\bin
PATH: u:\dev\ow\BINP
PATH: u:\dev\ow\BINW
PATH: C:\MPTN\BIN
PATH: C:\TCPIP\BIN
PATH: C:\IBMCOM
PATH: C:\IBMLAN\NETPROG
PATH: C:\MUGLIB
PATH: C:\ECS\BIN
PATH: C:\EMX\BIN
PATH: C:\IBMGSK50\BIN
PATH: C:\IBMGSK40\BIN
PATH: C:\IBMGSK\BIN
PATH: C:\OS2
PATH: C:\OS2\SYSTEM
PATH: C:\OS2\INSTALL
PATH: C:\
PATH: C:\OS2\MDOS
PATH: C:\OS2\APPS
PATH: C:\ECS\KLIBC\BIN
PATH: C:\PROGRAMS\JAVA142\BIN
PATH: C:\MMOS2\FREEDB
PATH: C:\MMOS2
PATH: C:\MMOS2\MMPLAYER
PATH: C:\PROGRAMS\4OS2
PATH: C:\PROGRAMS\VyperHelp
PATH: C:\PROGRAMS\ibmworks
PATH: E:\VTEX\BIN
PATH: e:\mmedia\cworks2
PATH: D:\ODIN\SYSTEM32
PATH: C:\TOOLS\CDRTools
PATH: U:\OS2TK45\som\common
PATH: U:\OS2TK45\som\bin
PATH: U:\OS2TK45\bin
PATH: C:\TOOLS\dfsee\bin


## ----------- ##
## Core tests. ##
## ----------- ##

configure:1221: loading site script u:/moztools/config.site-nozbinfiles
| #!sh
| #ac_cv_host=i386-pc-gnu
| #ac_cv_host=i386-pc-os2
| #HOST=i386-pc-os2
| SHELL=sh
| PATH=`cmd.exe /c "echo %PATH%" | sed -e 's@\\\\@/@g'`
| PATH_SEPARATOR=';'
| 
| for f in INSTALL PERL M4 EXPR ; do
|  export $f="`type $f.exe|sed -e 's@\\\\@/@g' -e 's@.* @@'`"
| done
| 
| ac_cv_path_PERL='u:/Perl/bin/perl.exe'
| ac_cv_path__PATH_PERL='u:/Perl/bin/perl.exe'
| ac_cv_path__PATH_SH='u:/moztools/ash.exe'
| ac_cv_path__PATH_SED='u:/moztools/sed.exe'
| ac_cv_path_PROG_SENDMAIL='c:/tcpip/bin/sendmail.exe'
| ac_cv_path__PATH_SORT='u:/moztools/sort.exe'
| ac_cv_path_AR='u:/usr/bin/ar.exe'
| ac_cv_path_FALSE='u:/bin/false.exe'
| #ac_cv_path_GZIP='e:/archive/gzip.exe'
| #ac_cv_path_ZIP='e:/archive/zip.exe'
| ac_cv_path_MAKE='u:/moztools/make.exe'
| ac_cv_path_TRUE='u:/bin/true.exe'
| ac_cv_path_RM='u:/bin/rm.exe'
| ac_cv_path_MV='u:/bin/mv.exe'
| ac_cv_member_struct_sockaddr_in_sin_len='yes'
| ac_cv_path_MKDIR='u:/bin/mkdir.exe'
| ac_cv_path_MSGFMT='u:/usr/bin/msgfmt.exe'
| ac_cv_path__PATH_AWK='u:/moztools/awk.exe'
| ac_cv_path__PATH_EGREP='c:/emx/bin/egrep.exe'
| ac_cv_path_install=${INSTALL}
| ac_cv_path_STRIP='echo '
| ac_cv_path_uic='/dev/qt/trunk/bin/uic'
| ac_cv_path_XARGS='u:/moztools/xargs.exe'
| ac_cv_path_JAVAC='c:/programs/java142/bin/javac.exe'
| ac_cv_path_JAR='c:/programs/java142/bin/jar.exe'
| #ac_cv_prog_LN_S='cp -p'
| ac_cv_emxos2='yes'
| ac_cv_libext='lib'
| #cl_cv_prog_LN_S='cp -p'
| #cl_cv_prog_LN='cp -p'
| ac_executable_extensions=".exe"
| ac_cpp=g++.exe
| #LN_S='cp -p'
| MAKE=make
| #ACLOCAL=${ACLOCAL-"${UNIXROOT}/usr/bin/aclocal"}
| #AUTOCONF=${AUTOCONF-"${UNIXROOT}/usr/bin/autoconf"}
| #AUTOMAKE=${AUTOMAKE-"${UNIXROOT}/usr/bin/automake"}
| #AUTOHEADER=${AUTOHEADER-"${UNIXROOT}/usr/bin/autoheader"}
| #ACLOCAL='echo aclocal'
| #AUTOCONF='echo autoconf'
| #AUTOMAKE='echo automake'
| #AUTOHEADER='echo autoheader'
| MAKEINFO=${MAKEINFO-"makeinfo --no-split"}
| AMTAR=${AMTAR-"tar.exe"}
| CC=gcc
| CXX=g++
| AWK=gawk
| LEX=flex
| LIBEXT="LIB"
| #INSTALL=install-sh
| INSTALL=u:/bin/install.exe
| OBJEXT=o
| RM=rm.exe
| PERL=perl.exe
| AR=ar.exe
| LD=ld.exe
| RANLIB=echo
| #LIBTOOL=aplibtool.exe
| YACC='bison -y'
| BMTYPE=int
| BMBYTES=4
| PRINTABLE_OS_NAME=OS/2
| CFLAGS='-D__EMX__ -DOS2  -D__ST_MT_ERRNO__ -g'
| CXXFLAGS='-D__EMX__ -DOS2 -D__ST_MT_ERRNO__ -g'
| LDFLAGS='-Zexe -Zomf -Zmap -Zargs-wild -D__ST_MT_ERRNO__'
| #CFLAGS='-D__EMX__ -DOS2  -D__ST_MT_ERRNO__ -O3 -mcpu=pentium3'
| #CXXFLAGS='-D__EMX__ -DOS2 -D__ST_MT_ERRNO__ -O3 -mcpu=pentium3'
| #LDFLAGS='-Zexe -Zomf -Zmap -Zargs-wild -D__ST_MT_ERRNO__ -s'
| ac_exeext=.exe
| ac_cv_exeext=.exe
| ac_cv_path___CHGRP=echo
| ac_cv_path___CHOWN=echo
| ac_cv_path___RSH=echo
| function test
| { 
|   if [  "$1" = "-x" ] ; then  
|     shift
|     if [ -f "$1" ] ; then return ; fi
|     if type $1.cmd 1>nul 2>&1  ; then  return ; fi
|     if type $1.exe 1>nul 2>&1  ; then  return ; fi
|     x=`type $* 1>nul 2>&1|  sed -e 's@^.* @@' -e 's@\\\\@/@g' -e 's@\\.$@@'`
|     if [ -n "$x" ] ; then
|       grep '^\(#!\|[ \t]*extproc\)' "$x">nul 2>&1 
|     else
|       return 1
|     fi
|   else
|     builtin test "$@"
|   fi ;\
| }
| 
| 
| ### EOF ######################################################################
configure:1352: checking build system type
configure:1370: result: i386-pc-os2-emx
configure:1378: checking host system type
configure:1392: result: i386-pc-os2-emx
configure:1400: checking target system type
configure:1414: result: i386-pc-os2-emx
configure:1443: checking for a BSD-compatible install
configure:1498: result: u:/bin/install.exe
configure:1509: checking whether build environment is sane
configure:1552: result: yes
configure:1585: checking for gawk
configure:1611: result: gawk
configure:1621: checking whether make sets $(MAKE)
configure:1641: result: yes
configure:1856: checking for gcc
configure:1882: result: gcc
configure:2126: checking for C compiler version
configure:2129: gcc --version </dev/null >&5
gcc (GCC) 4.5.2
Copyright (C) 2010 Free Software Foundation, Inc.
This is free software; see the source for copying conditions.  There is NO
warranty; not even for MERCHANTABILITY or FITNESS FOR A PARTICULAR PURPOSE.

configure:2132: $? = 0
configure:2134: gcc -v </dev/null >&5
Using built-in specs.
COLLECT_GCC=gcc
Target: i386-pc-os2-emx
Configured with: ./configure --prefix=/usr/local452 --enable-shared --enable-languages=c,c++,fortran --with-gnu-as --disable-lto --disable-bootstrap --disable-libstdcxx-pch --enable-threads
Thread model: os2
gcc version 4.5.2 (GCC) 
configure:2137: $? = 0
configure:2139: gcc -V </dev/null >&5
gcc: '-V' must come at the start of the command line
configure:2142: $? = 1
configure:2165: checking for C compiler default output file name
configure:2168: gcc -D__EMX__ -DOS2  -D__ST_MT_ERRNO__ -g  -Zexe -Zomf -Zmap -Zargs-wild -D__ST_MT_ERRNO__ conftest.c  >&5
configure:2171: $? = 0
configure:2217: result: conftest.exe
configure:2222: checking whether the C compiler works
configure:2228: ./conftest.exe
configure:2231: $? = 0
configure:2248: result: yes
configure:2255: checking whether we are cross compiling
configure:2257: result: no
configure:2260: checking for suffix of executables
configure:2262: gcc -o conftest.exe -D__EMX__ -DOS2  -D__ST_MT_ERRNO__ -g  -Zexe -Zomf -Zmap -Zargs-wild -D__ST_MT_ERRNO__ conftest.c  >&5
configure:2265: $? = 0
configure:2290: result: .exe
configure:2296: checking for suffix of object files
configure:2317: gcc -c -D__EMX__ -DOS2  -D__ST_MT_ERRNO__ -g  conftest.c >&5
configure:2320: $? = 0
configure:2342: result: o
configure:2346: checking whether we are using the GNU C compiler
configure:2370: gcc -c -D__EMX__ -DOS2  -D__ST_MT_ERRNO__ -g  conftest.c >&5
configure:2376: $? = 0
configure:2380: test -z 
			 || test ! -s conftest.err
configure:2383: $? = 0
configure:2386: test -s conftest.o
configure:2389: $? = 0
configure:2402: result: yes
configure:2408: checking whether gcc accepts -g
configure:2429: gcc -c -g  conftest.c >&5
configure:2435: $? = 0
configure:2439: test -z 
			 || test ! -s conftest.err
configure:2442: $? = 0
configure:2445: test -s conftest.o
configure:2448: $? = 0
configure:2459: result: yes
configure:2476: checking for gcc option to accept ANSI C
configure:2546: gcc  -c -D__EMX__ -DOS2  -D__ST_MT_ERRNO__ -g  conftest.c >&5
configure:2552: $? = 0
configure:2556: test -z 
			 || test ! -s conftest.err
configure:2559: $? = 0
configure:2562: test -s conftest.o
configure:2565: $? = 0
configure:2583: result: none needed
configure:2601: gcc -c -D__EMX__ -DOS2  -D__ST_MT_ERRNO__ -g  conftest.c >&5
conftest.c:2:9: error: expected '=', ',', ';', 'asm' or '__attribute__' before 'me'
configure:2607: $? = 1
configure: failed program was:
| #ifndef __cplusplus
|   choke me
| #endif
configure:2751: checking for style of include used by make
configure:2779: result: GNU
configure:2807: checking dependency style of gcc
configure:2890: result: none
configure:2912: checking how to run the C preprocessor
configure:2947: gcc -E  conftest.c
configure:2953: $? = 0
configure:2985: gcc -E  conftest.c
conftest.c:11:28: fatal error: ac_nonexistent.h: No such file or directory
compilation terminated.
configure:2991: $? = 1
configure: failed program was:
| /* confdefs.h.  */
| 
| #define PACKAGE_NAME ""
| #define PACKAGE_TARNAME ""
| #define PACKAGE_VERSION ""
| #define PACKAGE_STRING ""
| #define PACKAGE_BUGREPORT ""
| #define PACKAGE "netcat"
| #define VERSION "0.7.1"
| /* end confdefs.h.  */
| #include <ac_nonexistent.h>
configure:3030: result: gcc -E
configure:3054: gcc -E  conftest.c
configure:3060: $? = 0
configure:3092: gcc -E  conftest.c
conftest.c:11:28: fatal error: ac_nonexistent.h: No such file or directory
compilation terminated.
configure:3098: $? = 1
configure: failed program was:
| /* confdefs.h.  */
| 
| #define PACKAGE_NAME ""
| #define PACKAGE_TARNAME ""
| #define PACKAGE_VERSION ""
| #define PACKAGE_STRING ""
| #define PACKAGE_BUGREPORT ""
| #define PACKAGE "netcat"
| #define VERSION "0.7.1"
| /* end confdefs.h.  */
| #include <ac_nonexistent.h>
configure:3182: checking for ranlib
configure:3209: result: echo
configure:3227: checking for perl5
configure:3257: result: u:/Perl/bin/perl.exe
configure:3270: checking for pod2man
configure:3288: found u:/PERL5/bin/pod2man
configure:3301: result: u:/PERL5/bin/pod2man
configure:3330: checking for msgfmt
configure:3358: result: u:/usr/bin/msgfmt.exe
configure:3367: checking for gmsgfmt
configure:3398: result: u:/usr/bin/msgfmt.exe
configure:3408: checking for xgettext
configure:3439: result: no
configure:3447: checking for msgmerge
configure:3477: result: no
configure:3488: result: found msgfmt.exe program is not GNU msgfmt; ignore it
configure:3536: checking for ld used by GCC
configure:3599: result: ld.exe
configure:3608: checking if the linker (ld.exe) is GNU ld
configure:3620: result: no
configure:3626: checking for shared library run path origin
configure:3639: result: done
configure:4057: checking whether NLS is requested
configure:4066: result: yes
configure:4083: checking for GNU gettext in libc
configure:4107: gcc -o conftest.exe -D__EMX__ -DOS2  -D__ST_MT_ERRNO__ -g  -Zexe -Zomf -Zmap -Zargs-wild -D__ST_MT_ERRNO__ conftest.c  >&5
configure:4113: $? = 0
configure:4117: test -z 
			 || test ! -s conftest.err
configure:4120: $? = 0
configure:4123: test -s conftest.exe
configure:4126: $? = 0
configure:4138: result: yes
configure:4894: checking for strerror in -lcposix
configure:4924: gcc -o conftest.exe -D__EMX__ -DOS2  -D__ST_MT_ERRNO__ -g  -Zexe -Zomf -Zmap -Zargs-wild -D__ST_MT_ERRNO__ conftest.c -lcposix   >&5
weakld: cannot open library file 'u:\dev\qt4\lib\cposix_s.a'.
emxomfld: weak prelinker failed. (rc=8)
configure:4930: $? = 1
configure: failed program was:
| /* confdefs.h.  */
| 
| #define PACKAGE_NAME ""
| #define PACKAGE_TARNAME ""
| #define PACKAGE_VERSION ""
| #define PACKAGE_STRING ""
| #define PACKAGE_BUGREPORT ""
| #define PACKAGE "netcat"
| #define VERSION "0.7.1"
| #define ENABLE_NLS 1
| #define HAVE_GETTEXT 1
| #define HAVE_DCGETTEXT 1
| /* end confdefs.h.  */
| 
| /* Override any gcc2 internal prototype to avoid an error.  */
| #ifdef __cplusplus
| extern "C"
| #endif
| /* We use char because int might match the return type of a gcc2
|    builtin and then its argument prototype would still apply.  */
| char strerror ();
| int
| main ()
| {
| strerror ();
|   ;
|   return 0;
| }
configure:4956: result: no
configure:4965: checking for egrep
configure:4975: result: grep -E
configure:4980: checking for ANSI C header files
configure:5005: gcc -c -D__EMX__ -DOS2  -D__ST_MT_ERRNO__ -g  conftest.c >&5
configure:5011: $? = 0
configure:5015: test -z 
			 || test ! -s conftest.err
configure:5018: $? = 0
configure:5021: test -s conftest.o
configure:5024: $? = 0
configure:5113: gcc -o conftest.exe -D__EMX__ -DOS2  -D__ST_MT_ERRNO__ -g  -Zexe -Zomf -Zmap -Zargs-wild -D__ST_MT_ERRNO__ conftest.c  >&5
conftest.c: In function 'main':
conftest.c:31:7: warning: incompatible implicit declaration of built-in function 'exit'
configure:5116: $? = 0
configure:5118: ./conftest.exe
configure:5121: $? = 0
configure:5136: result: yes
configure:5146: checking for an ANSI C-conforming const
configure:5213: gcc -c -D__EMX__ -DOS2  -D__ST_MT_ERRNO__ -g  conftest.c >&5
configure:5219: $? = 0
configure:5223: test -z 
			 || test ! -s conftest.err
configure:5226: $? = 0
configure:5229: test -s conftest.o
configure:5232: $? = 0
configure:5243: result: yes
configure:5253: checking for inline
configure:5274: gcc -c -D__EMX__ -DOS2  -D__ST_MT_ERRNO__ -g  conftest.c >&5
configure:5280: $? = 0
configure:5284: test -z 
			 || test ! -s conftest.err
configure:5287: $? = 0
configure:5290: test -s conftest.o
configure:5293: $? = 0
configure:5305: result: inline
configure:5338: checking for sys/types.h
configure:5354: gcc -c -D__EMX__ -DOS2  -D__ST_MT_ERRNO__ -g  conftest.c >&5
configure:5360: $? = 0
configure:5364: test -z 
			 || test ! -s conftest.err
configure:5367: $? = 0
configure:5370: test -s conftest.o
configure:5373: $? = 0
configure:5384: result: yes
configure:5338: checking for sys/stat.h
configure:5354: gcc -c -D__EMX__ -DOS2  -D__ST_MT_ERRNO__ -g  conftest.c >&5
configure:5360: $? = 0
configure:5364: test -z 
			 || test ! -s conftest.err
configure:5367: $? = 0
configure:5370: test -s conftest.o
configure:5373: $? = 0
configure:5384: result: yes
configure:5338: checking for stdlib.h
configure:5354: gcc -c -D__EMX__ -DOS2  -D__ST_MT_ERRNO__ -g  conftest.c >&5
configure:5360: $? = 0
configure:5364: test -z 
			 || test ! -s conftest.err
configure:5367: $? = 0
configure:5370: test -s conftest.o
configure:5373: $? = 0
configure:5384: result: yes
configure:5338: checking for string.h
configure:5354: gcc -c -D__EMX__ -DOS2  -D__ST_MT_ERRNO__ -g  conftest.c >&5
configure:5360: $? = 0
configure:5364: test -z 
			 || test ! -s conftest.err
configure:5367: $? = 0
configure:5370: test -s conftest.o
configure:5373: $? = 0
configure:5384: result: yes
configure:5338: checking for memory.h
configure:5354: gcc -c -D__EMX__ -DOS2  -D__ST_MT_ERRNO__ -g  conftest.c >&5
configure:5360: $? = 0
configure:5364: test -z 
			 || test ! -s conftest.err
configure:5367: $? = 0
configure:5370: test -s conftest.o
configure:5373: $? = 0
configure:5384: result: yes
configure:5338: checking for strings.h
configure:5354: gcc -c -D__EMX__ -DOS2  -D__ST_MT_ERRNO__ -g  conftest.c >&5
configure:5360: $? = 0
configure:5364: test -z 
			 || test ! -s conftest.err
configure:5367: $? = 0
configure:5370: test -s conftest.o
configure:5373: $? = 0
configure:5384: result: yes
configure:5338: checking for inttypes.h
configure:5354: gcc -c -D__EMX__ -DOS2  -D__ST_MT_ERRNO__ -g  conftest.c >&5
configure:5360: $? = 0
configure:5364: test -z 
			 || test ! -s conftest.err
configure:5367: $? = 0
configure:5370: test -s conftest.o
configure:5373: $? = 0
configure:5384: result: yes
configure:5338: checking for stdint.h
configure:5354: gcc -c -D__EMX__ -DOS2  -D__ST_MT_ERRNO__ -g  conftest.c >&5
configure:5360: $? = 0
configure:5364: test -z 
			 || test ! -s conftest.err
configure:5367: $? = 0
configure:5370: test -s conftest.o
configure:5373: $? = 0
configure:5384: result: yes
configure:5338: checking for unistd.h
configure:5354: gcc -c -D__EMX__ -DOS2  -D__ST_MT_ERRNO__ -g  conftest.c >&5
configure:5360: $? = 0
configure:5364: test -z 
			 || test ! -s conftest.err
configure:5367: $? = 0
configure:5370: test -s conftest.o
configure:5373: $? = 0
configure:5384: result: yes
configure:5396: checking for off_t
configure:5420: gcc -c -D__EMX__ -DOS2  -D__ST_MT_ERRNO__ -g  conftest.c >&5
configure:5426: $? = 0
configure:5430: test -z 
			 || test ! -s conftest.err
configure:5433: $? = 0
configure:5436: test -s conftest.o
configure:5439: $? = 0
configure:5450: result: yes
configure:5462: checking for size_t
configure:5486: gcc -c -D__EMX__ -DOS2  -D__ST_MT_ERRNO__ -g  conftest.c >&5
configure:5492: $? = 0
configure:5496: test -z 
			 || test ! -s conftest.err
configure:5499: $? = 0
configure:5502: test -s conftest.o
configure:5505: $? = 0
configure:5516: result: yes
configure:5530: checking for working alloca.h
configure:5551: gcc -o conftest.exe -D__EMX__ -DOS2  -D__ST_MT_ERRNO__ -g  -Zexe -Zomf -Zmap -Zargs-wild -D__ST_MT_ERRNO__ conftest.c  >&5
configure:5557: $? = 0
configure:5561: test -z 
			 || test ! -s conftest.err
configure:5564: $? = 0
configure:5567: test -s conftest.exe
configure:5570: $? = 0
configure:5582: result: yes
configure:5592: checking for alloca
configure:5633: gcc -o conftest.exe -D__EMX__ -DOS2  -D__ST_MT_ERRNO__ -g  -Zexe -Zomf -Zmap -Zargs-wild -D__ST_MT_ERRNO__ conftest.c  >&5
configure:5639: $? = 0
configure:5643: test -z 
			 || test ! -s conftest.err
configure:5646: $? = 0
configure:5649: test -s conftest.exe
configure:5652: $? = 0
configure:5664: result: yes
configure:5893: checking for stdlib.h
configure:5898: result: yes
configure:5893: checking for unistd.h
configure:5898: result: yes
configure:6042: checking for getpagesize
configure:6099: gcc -o conftest.exe -D__EMX__ -DOS2  -D__ST_MT_ERRNO__ -g  -Zexe -Zomf -Zmap -Zargs-wild -D__ST_MT_ERRNO__ conftest.c  >&5
configure:6105: $? = 0
configure:6109: test -z 
			 || test ! -s conftest.err
configure:6112: $? = 0
configure:6115: test -s conftest.exe
configure:6118: $? = 0
configure:6130: result: yes
configure:6140: checking for working mmap
configure:6282: gcc -o conftest.exe -D__EMX__ -DOS2  -D__ST_MT_ERRNO__ -g  -Zexe -Zomf -Zmap -Zargs-wild -D__ST_MT_ERRNO__ conftest.c  >&5
conftest.c: In function 'main':
conftest.c:166:8: error: 'MAP_PRIVATE' undeclared (first use in this function)
conftest.c:166:8: note: each undeclared identifier is reported only once for each function it appears in
conftest.c:166:22: error: 'MAP_FIXED' undeclared (first use in this function)
configure:6285: $? = 1
configure: program exited with status 1
configure: failed program was:
| /* confdefs.h.  */
| 
| #define PACKAGE_NAME ""
| #define PACKAGE_TARNAME ""
| #define PACKAGE_VERSION ""
| #define PACKAGE_STRING ""
| #define PACKAGE_BUGREPORT ""
| #define PACKAGE "netcat"
| #define VERSION "0.7.1"
| #define ENABLE_NLS 1
| #define HAVE_GETTEXT 1
| #define HAVE_DCGETTEXT 1
| #define STDC_HEADERS 1
| #define HAVE_SYS_TYPES_H 1
| #define HAVE_SYS_STAT_H 1
| #define HAVE_STDLIB_H 1
| #define HAVE_STRING_H 1
| #define HAVE_MEMORY_H 1
| #define HAVE_STRINGS_H 1
| #define HAVE_INTTYPES_H 1
| #define HAVE_STDINT_H 1
| #define HAVE_UNISTD_H 1
| #define HAVE_ALLOCA_H 1
| #define HAVE_ALLOCA 1
| #define HAVE_STDLIB_H 1
| #define HAVE_UNISTD_H 1
| #define HAVE_GETPAGESIZE 1
| /* end confdefs.h.  */
| #include <stdio.h>
| #if HAVE_SYS_TYPES_H
| # include <sys/types.h>
| #endif
| #if HAVE_SYS_STAT_H
| # include <sys/stat.h>
| #endif
| #if STDC_HEADERS
| # include <stdlib.h>
| # include <stddef.h>
| #else
| # if HAVE_STDLIB_H
| #  include <stdlib.h>
| # endif
| #endif
| #if HAVE_STRING_H
| # if !STDC_HEADERS && HAVE_MEMORY_H
| #  include <memory.h>
| # endif
| # include <string.h>
| #endif
| #if HAVE_STRINGS_H
| # include <strings.h>
| #endif
| #if HAVE_INTTYPES_H
| # include <inttypes.h>
| #else
| # if HAVE_STDINT_H
| #  include <stdint.h>
| # endif
| #endif
| #if HAVE_UNISTD_H
| # include <unistd.h>
| #endif
| /* malloc might have been renamed as rpl_malloc. */
| #undef malloc
| 
| /* Thanks to Mike Haertel and Jim Avera for this test.
|    Here is a matrix of mmap possibilities:
| 	mmap private not fixed
| 	mmap private fixed at somewhere currently unmapped
| 	mmap private fixed at somewhere already mapped
| 	mmap shared not fixed
| 	mmap shared fixed at somewhere currently unmapped
| 	mmap shared fixed at somewhere already mapped
|    For private mappings, we should verify that changes cannot be read()
|    back from the file, nor mmap's back from the file at a different
|    address.  (There have been systems where private was not correctly
|    implemented like the infamous i386 svr4.0, and systems where the
|    VM page cache was not coherent with the file system buffer cache
|    like early versions of FreeBSD and possibly contemporary NetBSD.)
|    For shared mappings, we should conversely verify that changes get
|    propagated back to all the places they're supposed to be.
| 
|    Grep wants private fixed already mapped.
|    The main things grep needs to know about mmap are:
|    * does it exist and is it safe to write into the mmap'd area
|    * how to use it (BSD variants)  */
| 
| #include <fcntl.h>
| #include <sys/mman.h>
| 
| #if !STDC_HEADERS && !HAVE_STDLIB_H
| char *malloc ();
| #endif
| 
| /* This mess was copied from the GNU getpagesize.h.  */
| #if !HAVE_GETPAGESIZE
| /* Assume that all systems that can run configure have sys/param.h.  */
| # if !HAVE_SYS_PARAM_H
| #  define HAVE_SYS_PARAM_H 1
| # endif
| 
| # ifdef _SC_PAGESIZE
| #  define getpagesize() sysconf(_SC_PAGESIZE)
| # else /* no _SC_PAGESIZE */
| #  if HAVE_SYS_PARAM_H
| #   include <sys/param.h>
| #   ifdef EXEC_PAGESIZE
| #    define getpagesize() EXEC_PAGESIZE
| #   else /* no EXEC_PAGESIZE */
| #    ifdef NBPG
| #     define getpagesize() NBPG * CLSIZE
| #     ifndef CLSIZE
| #      define CLSIZE 1
| #     endif /* no CLSIZE */
| #    else /* no NBPG */
| #     ifdef NBPC
| #      define getpagesize() NBPC
| #     else /* no NBPC */
| #      ifdef PAGESIZE
| #       define getpagesize() PAGESIZE
| #      endif /* PAGESIZE */
| #     endif /* no NBPC */
| #    endif /* no NBPG */
| #   endif /* no EXEC_PAGESIZE */
| #  else /* no HAVE_SYS_PARAM_H */
| #   define getpagesize() 8192	/* punt totally */
| #  endif /* no HAVE_SYS_PARAM_H */
| # endif /* no _SC_PAGESIZE */
| 
| #endif /* no HAVE_GETPAGESIZE */
| 
| int
| main ()
| {
|   char *data, *data2, *data3;
|   int i, pagesize;
|   int fd;
| 
|   pagesize = getpagesize ();
| 
|   /* First, make a file with some known garbage in it. */
|   data = (char *) malloc (pagesize);
|   if (!data)
|     exit (1);
|   for (i = 0; i < pagesize; ++i)
|     *(data + i) = rand ();
|   umask (0);
|   fd = creat ("conftest.mmap", 0600);
|   if (fd < 0)
|     exit (1);
|   if (write (fd, data, pagesize) != pagesize)
|     exit (1);
|   close (fd);
| 
|   /* Next, try to mmap the file at a fixed address which already has
|      something else allocated at it.  If we can, also make sure that
|      we see the same garbage.  */
|   fd = open ("conftest.mmap", O_RDWR);
|   if (fd < 0)
|     exit (1);
|   data2 = (char *) malloc (2 * pagesize);
|   if (!data2)
|     exit (1);
|   data2 += (pagesize - ((long) data2 & (pagesize - 1))) & (pagesize - 1);
|   if (data2 != mmap (data2, pagesize, PROT_READ | PROT_WRITE,
| 		     MAP_PRIVATE | MAP_FIXED, fd, 0L))
|     exit (1);
|   for (i = 0; i < pagesize; ++i)
|     if (*(data + i) != *(data2 + i))
|       exit (1);
| 
|   /* Finally, make sure that changes to the mapped area do not
|      percolate back to the file as seen by read().  (This is a bug on
|      some variants of i386 svr4.0.)  */
|   for (i = 0; i < pagesize; ++i)
|     *(data2 + i) = *(data2 + i) + 1;
|   data3 = (char *) malloc (pagesize);
|   if (!data3)
|     exit (1);
|   if (read (fd, data3, pagesize) != pagesize)
|     exit (1);
|   for (i = 0; i < pagesize; ++i)
|     if (*(data + i) != *(data3 + i))
|       exit (1);
|   close (fd);
|   exit (0);
| }
configure:6304: result: no
configure:6316: checking whether we are using the GNU C Library 2.1 or newer
configure:6347: result: no
configure:6355: checking whether integer division by zero raises SIGFPE
configure:6417: gcc -o conftest.exe -D__EMX__ -DOS2  -D__ST_MT_ERRNO__ -g  -Zexe -Zomf -Zmap -Zargs-wild -D__ST_MT_ERRNO__ conftest.c  >&5
conftest.c:47:5: warning: built-in function 'nan' declared as non-function
configure:6420: $? = 0
configure:6422: ./conftest.exe
configure:6425: $? = 0
configure:6440: result: yes
configure:6453: checking for inttypes.h
configure:6475: gcc -c -D__EMX__ -DOS2  -D__ST_MT_ERRNO__ -g  conftest.c >&5
configure:6481: $? = 0
configure:6485: test -z 
			 || test ! -s conftest.err
configure:6488: $? = 0
configure:6491: test -s conftest.o
configure:6494: $? = 0
configure:6505: result: yes
configure:6516: checking for stdint.h
configure:6538: gcc -c -D__EMX__ -DOS2  -D__ST_MT_ERRNO__ -g  conftest.c >&5
configure:6544: $? = 0
configure:6548: test -z 
			 || test ! -s conftest.err
configure:6551: $? = 0
configure:6554: test -s conftest.o
configure:6557: $? = 0
configure:6568: result: yes
configure:6579: checking for unsigned long long
configure:6601: gcc -o conftest.exe -D__EMX__ -DOS2  -D__ST_MT_ERRNO__ -g  -Zexe -Zomf -Zmap -Zargs-wild -D__ST_MT_ERRNO__ conftest.c  >&5
configure:6607: $? = 0
configure:6611: test -z 
			 || test ! -s conftest.err
configure:6614: $? = 0
configure:6617: test -s conftest.exe
configure:6620: $? = 0
configure:6632: result: yes
configure:6658: checking for inttypes.h
configure:6681: gcc -c -D__EMX__ -DOS2  -D__ST_MT_ERRNO__ -g  conftest.c >&5
configure:6687: $? = 0
configure:6691: test -z 
			 || test ! -s conftest.err
configure:6694: $? = 0
configure:6697: test -s conftest.o
configure:6700: $? = 0
configure:6712: result: yes
configure:6725: checking whether the inttypes.h PRIxNN macros are broken
configure:6751: gcc -c -D__EMX__ -DOS2  -D__ST_MT_ERRNO__ -g  conftest.c >&5
configure:6757: $? = 0
configure:6761: test -z 
			 || test ! -s conftest.err
configure:6764: $? = 0
configure:6767: test -s conftest.o
configure:6770: $? = 0
configure:6782: result: no
configure:6819: checking argz.h usability
configure:6831: gcc -c -D__EMX__ -DOS2  -D__ST_MT_ERRNO__ -g  conftest.c >&5
configure:6837: $? = 0
configure:6841: test -z 
			 || test ! -s conftest.err
configure:6844: $? = 0
configure:6847: test -s conftest.o
configure:6850: $? = 0
configure:6860: result: yes
configure:6864: checking argz.h presence
configure:6874: gcc -E  conftest.c
configure:6880: $? = 0
configure:6900: result: yes
configure:6935: checking for argz.h
configure:6942: result: yes
configure:6819: checking limits.h usability
configure:6831: gcc -c -D__EMX__ -DOS2  -D__ST_MT_ERRNO__ -g  conftest.c >&5
configure:6837: $? = 0
configure:6841: test -z 
			 || test ! -s conftest.err
configure:6844: $? = 0
configure:6847: test -s conftest.o
configure:6850: $? = 0
configure:6860: result: yes
configure:6864: checking limits.h presence
configure:6874: gcc -E  conftest.c
configure:6880: $? = 0
configure:6900: result: yes
configure:6935: checking for limits.h
configure:6942: result: yes
configure:6819: checking locale.h usability
configure:6831: gcc -c -D__EMX__ -DOS2  -D__ST_MT_ERRNO__ -g  conftest.c >&5
configure:6837: $? = 0
configure:6841: test -z 
			 || test ! -s conftest.err
configure:6844: $? = 0
configure:6847: test -s conftest.o
configure:6850: $? = 0
configure:6860: result: yes
configure:6864: checking locale.h presence
configure:6874: gcc -E  conftest.c
configure:6880: $? = 0
configure:6900: result: yes
configure:6935: checking for locale.h
configure:6942: result: yes
configure:6819: checking nl_types.h usability
configure:6831: gcc -c -D__EMX__ -DOS2  -D__ST_MT_ERRNO__ -g  conftest.c >&5
configure:6837: $? = 0
configure:6841: test -z 
			 || test ! -s conftest.err
configure:6844: $? = 0
configure:6847: test -s conftest.o
configure:6850: $? = 0
configure:6860: result: yes
configure:6864: checking nl_types.h presence
configure:6874: gcc -E  conftest.c
configure:6880: $? = 0
configure:6900: result: yes
configure:6935: checking for nl_types.h
configure:6942: result: yes
configure:6819: checking malloc.h usability
configure:6831: gcc -c -D__EMX__ -DOS2  -D__ST_MT_ERRNO__ -g  conftest.c >&5
configure:6837: $? = 0
configure:6841: test -z 
			 || test ! -s conftest.err
configure:6844: $? = 0
configure:6847: test -s conftest.o
configure:6850: $? = 0
configure:6860: result: yes
configure:6864: checking malloc.h presence
configure:6874: gcc -E  conftest.c
configure:6880: $? = 0
configure:6900: result: yes
configure:6935: checking for malloc.h
configure:6942: result: yes
configure:6819: checking stddef.h usability
configure:6831: gcc -c -D__EMX__ -DOS2  -D__ST_MT_ERRNO__ -g  conftest.c >&5
configure:6837: $? = 0
configure:6841: test -z 
			 || test ! -s conftest.err
configure:6844: $? = 0
configure:6847: test -s conftest.o
configure:6850: $? = 0
configure:6860: result: yes
configure:6864: checking stddef.h presence
configure:6874: gcc -E  conftest.c
configure:6880: $? = 0
configure:6900: result: yes
configure:6935: checking for stddef.h
configure:6942: result: yes
configure:6810: checking for stdlib.h
configure:6815: result: yes
configure:6810: checking for string.h
configure:6815: result: yes
configure:6810: checking for unistd.h
configure:6815: result: yes
configure:6819: checking sys/param.h usability
configure:6831: gcc -c -D__EMX__ -DOS2  -D__ST_MT_ERRNO__ -g  conftest.c >&5
configure:6837: $? = 0
configure:6841: test -z 
			 || test ! -s conftest.err
configure:6844: $? = 0
configure:6847: test -s conftest.o
configure:6850: $? = 0
configure:6860: result: yes
configure:6864: checking sys/param.h presence
configure:6874: gcc -E  conftest.c
configure:6880: $? = 0
configure:6900: result: yes
configure:6935: checking for sys/param.h
configure:6942: result: yes
configure:6981: checking for feof_unlocked
configure:7038: gcc -o conftest.exe -D__EMX__ -DOS2  -D__ST_MT_ERRNO__ -g  -Zexe -Zomf -Zmap -Zargs-wild -D__ST_MT_ERRNO__ conftest.c  >&5
configure:7044: $? = 0
configure:7048: test -z 
			 || test ! -s conftest.err
configure:7051: $? = 0
configure:7054: test -s conftest.exe
configure:7057: $? = 0
configure:7069: result: yes
configure:6981: checking for fgets_unlocked
configure:7038: gcc -o conftest.exe -D__EMX__ -DOS2  -D__ST_MT_ERRNO__ -g  -Zexe -Zomf -Zmap -Zargs-wild -D__ST_MT_ERRNO__ conftest.c  >&5
configure:7044: $? = 0
configure:7048: test -z 
			 || test ! -s conftest.err
configure:7051: $? = 0
configure:7054: test -s conftest.exe
configure:7057: $? = 0
configure:7069: result: yes
configure:6981: checking for getc_unlocked
configure:7038: gcc -o conftest.exe -D__EMX__ -DOS2  -D__ST_MT_ERRNO__ -g  -Zexe -Zomf -Zmap -Zargs-wild -D__ST_MT_ERRNO__ conftest.c  >&5
configure:7044: $? = 0
configure:7048: test -z 
			 || test ! -s conftest.err
configure:7051: $? = 0
configure:7054: test -s conftest.exe
configure:7057: $? = 0
configure:7069: result: yes
configure:6981: checking for getcwd
configure:7038: gcc -o conftest.exe -D__EMX__ -DOS2  -D__ST_MT_ERRNO__ -g  -Zexe -Zomf -Zmap -Zargs-wild -D__ST_MT_ERRNO__ conftest.c  >&5
configure:7044: $? = 0
configure:7048: test -z 
			 || test ! -s conftest.err
configure:7051: $? = 0
configure:7054: test -s conftest.exe
configure:7057: $? = 0
configure:7069: result: yes
configure:6981: checking for getegid
configure:7038: gcc -o conftest.exe -D__EMX__ -DOS2  -D__ST_MT_ERRNO__ -g  -Zexe -Zomf -Zmap -Zargs-wild -D__ST_MT_ERRNO__ conftest.c  >&5
configure:7044: $? = 0
configure:7048: test -z 
			 || test ! -s conftest.err
configure:7051: $? = 0
configure:7054: test -s conftest.exe
configure:7057: $? = 0
configure:7069: result: yes
configure:6981: checking for geteuid
configure:7038: gcc -o conftest.exe -D__EMX__ -DOS2  -D__ST_MT_ERRNO__ -g  -Zexe -Zomf -Zmap -Zargs-wild -D__ST_MT_ERRNO__ conftest.c  >&5
configure:7044: $? = 0
configure:7048: test -z 
			 || test ! -s conftest.err
configure:7051: $? = 0
configure:7054: test -s conftest.exe
configure:7057: $? = 0
configure:7069: result: yes
configure:6981: checking for getgid
configure:7038: gcc -o conftest.exe -D__EMX__ -DOS2  -D__ST_MT_ERRNO__ -g  -Zexe -Zomf -Zmap -Zargs-wild -D__ST_MT_ERRNO__ conftest.c  >&5
configure:7044: $? = 0
configure:7048: test -z 
			 || test ! -s conftest.err
configure:7051: $? = 0
configure:7054: test -s conftest.exe
configure:7057: $? = 0
configure:7069: result: yes
configure:6981: checking for getuid
configure:7038: gcc -o conftest.exe -D__EMX__ -DOS2  -D__ST_MT_ERRNO__ -g  -Zexe -Zomf -Zmap -Zargs-wild -D__ST_MT_ERRNO__ conftest.c  >&5
configure:7044: $? = 0
configure:7048: test -z 
			 || test ! -s conftest.err
configure:7051: $? = 0
configure:7054: test -s conftest.exe
configure:7057: $? = 0
configure:7069: result: yes
configure:6981: checking for mempcpy
configure:7038: gcc -o conftest.exe -D__EMX__ -DOS2  -D__ST_MT_ERRNO__ -g  -Zexe -Zomf -Zmap -Zargs-wild -D__ST_MT_ERRNO__ conftest.c  >&5
conftest.c:76:6: warning: conflicting types for built-in function 'mempcpy'
configure:7044: $? = 0
configure:7048: test -z 
			 || test ! -s conftest.err
configure:7051: $? = 0
configure:7054: test -s conftest.exe
configure:7057: $? = 0
configure:7069: result: yes
configure:6981: checking for munmap
configure:7038: gcc -o conftest.exe -D__EMX__ -DOS2  -D__ST_MT_ERRNO__ -g  -Zexe -Zomf -Zmap -Zargs-wild -D__ST_MT_ERRNO__ conftest.c  >&5
Error! E2028: _munmap is an undefined reference
file U:\tmp\ccTC2Lah.o(conftest.c): undefined symbol _munmap
weakld: error: Unresolved symbol (UNDEF) '_munmap'.
weakld: info: The symbol is referenced by:
    U:\tmp\ccTC2Lah.o
Ignoring unresolved externals reported from weak prelinker.
configure:7044: $? = 1
configure: failed program was:
| /* confdefs.h.  */
| 
| #define PACKAGE_NAME ""
| #define PACKAGE_TARNAME ""
| #define PACKAGE_VERSION ""
| #define PACKAGE_STRING ""
| #define PACKAGE_BUGREPORT ""
| #define PACKAGE "netcat"
| #define VERSION "0.7.1"
| #define ENABLE_NLS 1
| #define HAVE_GETTEXT 1
| #define HAVE_DCGETTEXT 1
| #define STDC_HEADERS 1
| #define HAVE_SYS_TYPES_H 1
| #define HAVE_SYS_STAT_H 1
| #define HAVE_STDLIB_H 1
| #define HAVE_STRING_H 1
| #define HAVE_MEMORY_H 1
| #define HAVE_STRINGS_H 1
| #define HAVE_INTTYPES_H 1
| #define HAVE_STDINT_H 1
| #define HAVE_UNISTD_H 1
| #define HAVE_ALLOCA_H 1
| #define HAVE_ALLOCA 1
| #define HAVE_STDLIB_H 1
| #define HAVE_UNISTD_H 1
| #define HAVE_GETPAGESIZE 1
| #define INTDIV0_RAISES_SIGFPE 1
| #define HAVE_INTTYPES_H_WITH_UINTMAX 1
| #define HAVE_STDINT_H_WITH_UINTMAX 1
| #define HAVE_UNSIGNED_LONG_LONG 1
| #define HAVE_INTTYPES_H 1
| #define HAVE_ARGZ_H 1
| #define HAVE_LIMITS_H 1
| #define HAVE_LOCALE_H 1
| #define HAVE_NL_TYPES_H 1
| #define HAVE_MALLOC_H 1
| #define HAVE_STDDEF_H 1
| #define HAVE_STDLIB_H 1
| #define HAVE_STRING_H 1
| #define HAVE_UNISTD_H 1
| #define HAVE_SYS_PARAM_H 1
| #define HAVE_FEOF_UNLOCKED 1
| #define HAVE_FGETS_UNLOCKED 1
| #define HAVE_GETC_UNLOCKED 1
| #define HAVE_GETCWD 1
| #define HAVE_GETEGID 1
| #define HAVE_GETEUID 1
| #define HAVE_GETGID 1
| #define HAVE_GETUID 1
| #define HAVE_MEMPCPY 1
| /* end confdefs.h.  */
| /* Define munmap to an innocuous variant, in case <limits.h> declares munmap.
|    For example, HP-UX 11i <limits.h> declares gettimeofday.  */
| #define munmap innocuous_munmap
| 
| /* System header to define __stub macros and hopefully few prototypes,
|     which can conflict with char munmap (); below.
|     Prefer <limits.h> to <assert.h> if __STDC__ is defined, since
|     <limits.h> exists even on freestanding compilers.  */
| 
| #ifdef __STDC__
| # include <limits.h>
| #else
| # include <assert.h>
| #endif
| 
| #undef munmap
| 
| /* Override any gcc2 internal prototype to avoid an error.  */
| #ifdef __cplusplus
| extern "C"
| {
| #endif
| /* We use char because int might match the return type of a gcc2
|    builtin and then its argument prototype would still apply.  */
| char munmap ();
| /* The GNU C library defines this for functions which it implements
|     to always fail with ENOSYS.  Some functions are actually named
|     something starting with __ and the normal name is an alias.  */
| #if defined (__stub_munmap) || defined (__stub___munmap)
| choke me
| #else
| char (*f) () = munmap;
| #endif
| #ifdef __cplusplus
| }
| #endif
| 
| int
| main ()
| {
| return f != munmap;
|   ;
|   return 0;
| }
configure:7069: result: no
configure:6981: checking for putenv
configure:7038: gcc -o conftest.exe -D__EMX__ -DOS2  -D__ST_MT_ERRNO__ -g  -Zexe -Zomf -Zmap -Zargs-wild -D__ST_MT_ERRNO__ conftest.c  >&5
configure:7044: $? = 0
configure:7048: test -z 
			 || test ! -s conftest.err
configure:7051: $? = 0
configure:7054: test -s conftest.exe
configure:7057: $? = 0
configure:7069: result: yes
configure:6981: checking for setenv
configure:7038: gcc -o conftest.exe -D__EMX__ -DOS2  -D__ST_MT_ERRNO__ -g  -Zexe -Zomf -Zmap -Zargs-wild -D__ST_MT_ERRNO__ conftest.c  >&5
configure:7044: $? = 0
configure:7048: test -z 
			 || test ! -s conftest.err
configure:7051: $? = 0
configure:7054: test -s conftest.exe
configure:7057: $? = 0
configure:7069: result: yes
configure:6981: checking for setlocale
configure:7038: gcc -o conftest.exe -D__EMX__ -DOS2  -D__ST_MT_ERRNO__ -g  -Zexe -Zomf -Zmap -Zargs-wild -D__ST_MT_ERRNO__ conftest.c  >&5
configure:7044: $? = 0
configure:7048: test -z 
			 || test ! -s conftest.err
configure:7051: $? = 0
configure:7054: test -s conftest.exe
configure:7057: $? = 0
configure:7069: result: yes
configure:6981: checking for stpcpy
configure:7038: gcc -o conftest.exe -D__EMX__ -DOS2  -D__ST_MT_ERRNO__ -g  -Zexe -Zomf -Zmap -Zargs-wild -D__ST_MT_ERRNO__ conftest.c  >&5
conftest.c:80:6: warning: conflicting types for built-in function 'stpcpy'
configure:7044: $? = 0
configure:7048: test -z 
			 || test ! -s conftest.err
configure:7051: $? = 0
configure:7054: test -s conftest.exe
configure:7057: $? = 0
configure:7069: result: yes
configure:6981: checking for strcasecmp
configure:7038: gcc -o conftest.exe -D__EMX__ -DOS2  -D__ST_MT_ERRNO__ -g  -Zexe -Zomf -Zmap -Zargs-wild -D__ST_MT_ERRNO__ conftest.c  >&5
conftest.c:81:6: warning: conflicting types for built-in function 'strcasecmp'
configure:7044: $? = 0
configure:7048: test -z 
			 || test ! -s conftest.err
configure:7051: $? = 0
configure:7054: test -s conftest.exe
configure:7057: $? = 0
configure:7069: result: yes
configure:6981: checking for strdup
configure:7038: gcc -o conftest.exe -D__EMX__ -DOS2  -D__ST_MT_ERRNO__ -g  -Zexe -Zomf -Zmap -Zargs-wild -D__ST_MT_ERRNO__ conftest.c  >&5
conftest.c:82:6: warning: conflicting types for built-in function 'strdup'
configure:7044: $? = 0
configure:7048: test -z 
			 || test ! -s conftest.err
configure:7051: $? = 0
configure:7054: test -s conftest.exe
configure:7057: $? = 0
configure:7069: result: yes
configure:6981: checking for strtoul
configure:7038: gcc -o conftest.exe -D__EMX__ -DOS2  -D__ST_MT_ERRNO__ -g  -Zexe -Zomf -Zmap -Zargs-wild -D__ST_MT_ERRNO__ conftest.c  >&5
configure:7044: $? = 0
configure:7048: test -z 
			 || test ! -s conftest.err
configure:7051: $? = 0
configure:7054: test -s conftest.exe
configure:7057: $? = 0
configure:7069: result: yes
configure:6981: checking for tsearch
configure:7038: gcc -o conftest.exe -D__EMX__ -DOS2  -D__ST_MT_ERRNO__ -g  -Zexe -Zomf -Zmap -Zargs-wild -D__ST_MT_ERRNO__ conftest.c  >&5
configure:7044: $? = 0
configure:7048: test -z 
			 || test ! -s conftest.err
configure:7051: $? = 0
configure:7054: test -s conftest.exe
configure:7057: $? = 0
configure:7069: result: yes
configure:6981: checking for __argz_count
configure:7038: gcc -o conftest.exe -D__EMX__ -DOS2  -D__ST_MT_ERRNO__ -g  -Zexe -Zomf -Zmap -Zargs-wild -D__ST_MT_ERRNO__ conftest.c  >&5
configure:7044: $? = 0
configure:7048: test -z 
			 || test ! -s conftest.err
configure:7051: $? = 0
configure:7054: test -s conftest.exe
configure:7057: $? = 0
configure:7069: result: yes
configure:6981: checking for __argz_stringify
configure:7038: gcc -o conftest.exe -D__EMX__ -DOS2  -D__ST_MT_ERRNO__ -g  -Zexe -Zomf -Zmap -Zargs-wild -D__ST_MT_ERRNO__ conftest.c  >&5
configure:7044: $? = 0
configure:7048: test -z 
			 || test ! -s conftest.err
configure:7051: $? = 0
configure:7054: test -s conftest.exe
configure:7057: $? = 0
configure:7069: result: yes
configure:6981: checking for __argz_next
configure:7038: gcc -o conftest.exe -D__EMX__ -DOS2  -D__ST_MT_ERRNO__ -g  -Zexe -Zomf -Zmap -Zargs-wild -D__ST_MT_ERRNO__ conftest.c  >&5
configure:7044: $? = 0
configure:7048: test -z 
			 || test ! -s conftest.err
configure:7051: $? = 0
configure:7054: test -s conftest.exe
configure:7057: $? = 0
configure:7069: result: yes
configure:7110: checking for iconv
configure:7137: gcc -o conftest.exe -D__EMX__ -DOS2  -D__ST_MT_ERRNO__ -g  -Zexe -Zomf -Zmap -Zargs-wild -D__ST_MT_ERRNO__ conftest.c  >&5
configure:7143: $? = 0
configure:7147: test -z 
			 || test ! -s conftest.err
configure:7150: $? = 0
configure:7153: test -s conftest.exe
configure:7156: $? = 0
configure:7222: result: yes
configure:7245: checking for iconv declaration
configure:7279: gcc -c -D__EMX__ -DOS2  -D__ST_MT_ERRNO__ -g  conftest.c >&5
conftest.c:73:8: error: conflicting types for 'iconv'
U:/USR/include/iconv.h:37:15: note: previous declaration of 'iconv' was here
configure:7285: $? = 1
configure: failed program was:
| /* confdefs.h.  */
| 
| #define PACKAGE_NAME ""
| #define PACKAGE_TARNAME ""
| #define PACKAGE_VERSION ""
| #define PACKAGE_STRING ""
| #define PACKAGE_BUGREPORT ""
| #define PACKAGE "netcat"
| #define VERSION "0.7.1"
| #define ENABLE_NLS 1
| #define HAVE_GETTEXT 1
| #define HAVE_DCGETTEXT 1
| #define STDC_HEADERS 1
| #define HAVE_SYS_TYPES_H 1
| #define HAVE_SYS_STAT_H 1
| #define HAVE_STDLIB_H 1
| #define HAVE_STRING_H 1
| #define HAVE_MEMORY_H 1
| #define HAVE_STRINGS_H 1
| #define HAVE_INTTYPES_H 1
| #define HAVE_STDINT_H 1
| #define HAVE_UNISTD_H 1
| #define HAVE_ALLOCA_H 1
| #define HAVE_ALLOCA 1
| #define HAVE_STDLIB_H 1
| #define HAVE_UNISTD_H 1
| #define HAVE_GETPAGESIZE 1
| #define INTDIV0_RAISES_SIGFPE 1
| #define HAVE_INTTYPES_H_WITH_UINTMAX 1
| #define HAVE_STDINT_H_WITH_UINTMAX 1
| #define HAVE_UNSIGNED_LONG_LONG 1
| #define HAVE_INTTYPES_H 1
| #define HAVE_ARGZ_H 1
| #define HAVE_LIMITS_H 1
| #define HAVE_LOCALE_H 1
| #define HAVE_NL_TYPES_H 1
| #define HAVE_MALLOC_H 1
| #define HAVE_STDDEF_H 1
| #define HAVE_STDLIB_H 1
| #define HAVE_STRING_H 1
| #define HAVE_UNISTD_H 1
| #define HAVE_SYS_PARAM_H 1
| #define HAVE_FEOF_UNLOCKED 1
| #define HAVE_FGETS_UNLOCKED 1
| #define HAVE_GETC_UNLOCKED 1
| #define HAVE_GETCWD 1
| #define HAVE_GETEGID 1
| #define HAVE_GETEUID 1
| #define HAVE_GETGID 1
| #define HAVE_GETUID 1
| #define HAVE_MEMPCPY 1
| #define HAVE_PUTENV 1
| #define HAVE_SETENV 1
| #define HAVE_SETLOCALE 1
| #define HAVE_STPCPY 1
| #define HAVE_STRCASECMP 1
| #define HAVE_STRDUP 1
| #define HAVE_STRTOUL 1
| #define HAVE_TSEARCH 1
| #define HAVE___ARGZ_COUNT 1
| #define HAVE___ARGZ_STRINGIFY 1
| #define HAVE___ARGZ_NEXT 1
| #define HAVE_ICONV 1
| /* end confdefs.h.  */
| 
| #include <stdlib.h>
| #include <iconv.h>
| extern
| #ifdef __cplusplus
| "C"
| #endif
| #if defined(__STDC__) || defined(__cplusplus)
| size_t iconv (iconv_t cd, char * *inbuf, size_t *inbytesleft, char * *outbuf, size_t *outbytesleft);
| #else
| size_t iconv();
| #endif
| 
| int
| main ()
| {
| 
|   ;
|   return 0;
| }
configure:7312: result: 
         extern size_t iconv (iconv_t cd, const char * *inbuf, size_t *inbytesleft, char * *outbuf, size_t *outbytesleft);
configure:7324: checking for nl_langinfo and CODESET
configure:7345: gcc -o conftest.exe -D__EMX__ -DOS2  -D__ST_MT_ERRNO__ -g  -Zexe -Zomf -Zmap -Zargs-wild -D__ST_MT_ERRNO__ conftest.c  >&5
configure:7351: $? = 0
configure:7355: test -z 
			 || test ! -s conftest.err
configure:7358: $? = 0
configure:7361: test -s conftest.exe
configure:7364: $? = 0
configure:7377: result: yes
configure:7389: checking for LC_MESSAGES
configure:7410: gcc -o conftest.exe -D__EMX__ -DOS2  -D__ST_MT_ERRNO__ -g  -Zexe -Zomf -Zmap -Zargs-wild -D__ST_MT_ERRNO__ conftest.c  >&5
configure:7416: $? = 0
configure:7420: test -z 
			 || test ! -s conftest.err
configure:7423: $? = 0
configure:7426: test -s conftest.exe
configure:7429: $? = 0
configure:7441: result: yes
configure:7457: checking for bison
configure:7473: found u:/extras/bin/bison.exe
configure:7483: result: bison
configure:7496: checking version of bison
configure:7505: result: 2.1, ok
configure:7516: checking for gethostbyname
configure:7573: gcc -o conftest.exe -D__EMX__ -DOS2  -D__ST_MT_ERRNO__ -g  -Zexe -Zomf -Zmap -Zargs-wild -D__ST_MT_ERRNO__ conftest.c  >&5
configure:7579: $? = 0
configure:7583: test -z 
			 || test ! -s conftest.err
configure:7586: $? = 0
configure:7589: test -s conftest.exe
configure:7592: $? = 0
configure:7604: result: yes
configure:7909: checking for socket
configure:7966: gcc -o conftest.exe -D__EMX__ -DOS2  -D__ST_MT_ERRNO__ -g  -Zexe -Zomf -Zmap -Zargs-wild -D__ST_MT_ERRNO__ conftest.c  >&5
configure:7972: $? = 0
configure:7976: test -z 
			 || test ! -s conftest.err
configure:7979: $? = 0
configure:7982: test -s conftest.exe
configure:7985: $? = 0
configure:7997: result: yes
configure:8149: checking for putmsg in -lstr
configure:8179: gcc -o conftest.exe -D__EMX__ -DOS2  -D__ST_MT_ERRNO__ -g  -Zexe -Zomf -Zmap -Zargs-wild -D__ST_MT_ERRNO__ conftest.c -lstr   >&5
weakld: cannot open library file 'u:\dev\qt4\lib\str_s.a'.
emxomfld: weak prelinker failed. (rc=8)
configure:8185: $? = 1
configure: failed program was:
| /* confdefs.h.  */
| 
| #define PACKAGE_NAME ""
| #define PACKAGE_TARNAME ""
| #define PACKAGE_VERSION ""
| #define PACKAGE_STRING ""
| #define PACKAGE_BUGREPORT ""
| #define PACKAGE "netcat"
| #define VERSION "0.7.1"
| #define ENABLE_NLS 1
| #define HAVE_GETTEXT 1
| #define HAVE_DCGETTEXT 1
| #define STDC_HEADERS 1
| #define HAVE_SYS_TYPES_H 1
| #define HAVE_SYS_STAT_H 1
| #define HAVE_STDLIB_H 1
| #define HAVE_STRING_H 1
| #define HAVE_MEMORY_H 1
| #define HAVE_STRINGS_H 1
| #define HAVE_INTTYPES_H 1
| #define HAVE_STDINT_H 1
| #define HAVE_UNISTD_H 1
| #define HAVE_ALLOCA_H 1
| #define HAVE_ALLOCA 1
| #define HAVE_STDLIB_H 1
| #define HAVE_UNISTD_H 1
| #define HAVE_GETPAGESIZE 1
| #define INTDIV0_RAISES_SIGFPE 1
| #define HAVE_INTTYPES_H_WITH_UINTMAX 1
| #define HAVE_STDINT_H_WITH_UINTMAX 1
| #define HAVE_UNSIGNED_LONG_LONG 1
| #define HAVE_INTTYPES_H 1
| #define HAVE_ARGZ_H 1
| #define HAVE_LIMITS_H 1
| #define HAVE_LOCALE_H 1
| #define HAVE_NL_TYPES_H 1
| #define HAVE_MALLOC_H 1
| #define HAVE_STDDEF_H 1
| #define HAVE_STDLIB_H 1
| #define HAVE_STRING_H 1
| #define HAVE_UNISTD_H 1
| #define HAVE_SYS_PARAM_H 1
| #define HAVE_FEOF_UNLOCKED 1
| #define HAVE_FGETS_UNLOCKED 1
| #define HAVE_GETC_UNLOCKED 1
| #define HAVE_GETCWD 1
| #define HAVE_GETEGID 1
| #define HAVE_GETEUID 1
| #define HAVE_GETGID 1
| #define HAVE_GETUID 1
| #define HAVE_MEMPCPY 1
| #define HAVE_PUTENV 1
| #define HAVE_SETENV 1
| #define HAVE_SETLOCALE 1
| #define HAVE_STPCPY 1
| #define HAVE_STRCASECMP 1
| #define HAVE_STRDUP 1
| #define HAVE_STRTOUL 1
| #define HAVE_TSEARCH 1
| #define HAVE___ARGZ_COUNT 1
| #define HAVE___ARGZ_STRINGIFY 1
| #define HAVE___ARGZ_NEXT 1
| #define HAVE_ICONV 1
| #define ICONV_CONST const
| #define HAVE_LANGINFO_CODESET 1
| #define HAVE_LC_MESSAGES 1
| /* end confdefs.h.  */
| 
| /* Override any gcc2 internal prototype to avoid an error.  */
| #ifdef __cplusplus
| extern "C"
| #endif
| /* We use char because int might match the return type of a gcc2
|    builtin and then its argument prototype would still apply.  */
| char putmsg ();
| int
| main ()
| {
| putmsg ();
|   ;
|   return 0;
| }
configure:8211: result: no
configure:8238: checking sys/sockio.h usability
configure:8250: gcc -c -D__EMX__ -DOS2  -D__ST_MT_ERRNO__ -g  conftest.c >&5
configure:8256: $? = 0
configure:8260: test -z 
			 || test ! -s conftest.err
configure:8263: $? = 0
configure:8266: test -s conftest.o
configure:8269: $? = 0
configure:8279: result: yes
configure:8283: checking sys/sockio.h presence
configure:8293: gcc -E  conftest.c
configure:8299: $? = 0
configure:8319: result: yes
configure:8354: checking for sys/sockio.h
configure:8361: result: yes
configure:8380: checking for srandom
configure:8437: gcc -o conftest.exe -D__EMX__ -DOS2  -D__ST_MT_ERRNO__ -g  -Zexe -Zomf -Zmap -Zargs-wild -D__ST_MT_ERRNO__ conftest.c  >&5
configure:8443: $? = 0
configure:8447: test -z 
			 || test ! -s conftest.err
configure:8450: $? = 0
configure:8453: test -s conftest.exe
configure:8456: $? = 0
configure:8468: result: yes
configure:8380: checking for random
configure:8437: gcc -o conftest.exe -D__EMX__ -DOS2  -D__ST_MT_ERRNO__ -g  -Zexe -Zomf -Zmap -Zargs-wild -D__ST_MT_ERRNO__ conftest.c  >&5
configure:8443: $? = 0
configure:8447: test -z 
			 || test ! -s conftest.err
configure:8450: $? = 0
configure:8453: test -s conftest.exe
configure:8456: $? = 0
configure:8468: result: yes
configure:8590: checking for inet_pton
configure:8647: gcc -o conftest.exe -D__EMX__ -DOS2  -D__ST_MT_ERRNO__ -g  -Zexe -Zomf -Zmap -Zargs-wild -D__ST_MT_ERRNO__ conftest.c  >&5
configure:8653: $? = 0
configure:8657: test -z 
			 || test ! -s conftest.err
configure:8660: $? = 0
configure:8663: test -s conftest.exe
configure:8666: $? = 0
configure:8678: result: yes
configure:8590: checking for inet_ntop
configure:8647: gcc -o conftest.exe -D__EMX__ -DOS2  -D__ST_MT_ERRNO__ -g  -Zexe -Zomf -Zmap -Zargs-wild -D__ST_MT_ERRNO__ conftest.c  >&5
configure:8653: $? = 0
configure:8657: test -z 
			 || test ! -s conftest.err
configure:8660: $? = 0
configure:8663: test -s conftest.exe
configure:8666: $? = 0
configure:8678: result: yes
configure:8689: checking for struct sockaddr.sa_len
configure:8714: gcc -c -D__EMX__ -DOS2  -D__ST_MT_ERRNO__ -g  conftest.c >&5
configure:8720: $? = 0
configure:8724: test -z 
			 || test ! -s conftest.err
configure:8727: $? = 0
configure:8730: test -s conftest.o
configure:8733: $? = 0
configure:8792: result: yes
configure:8804: checking for struct in_pktinfo
configure:8830: gcc -c -D__EMX__ -DOS2  -D__ST_MT_ERRNO__ -g  conftest.c >&5
conftest.c: In function 'main':
conftest.c:82:13: error: invalid application of 'sizeof' to incomplete type 'struct in_pktinfo' 
configure:8836: $? = 1
configure: failed program was:
| /* confdefs.h.  */
| 
| #define PACKAGE_NAME ""
| #define PACKAGE_TARNAME ""
| #define PACKAGE_VERSION ""
| #define PACKAGE_STRING ""
| #define PACKAGE_BUGREPORT ""
| #define PACKAGE "netcat"
| #define VERSION "0.7.1"
| #define ENABLE_NLS 1
| #define HAVE_GETTEXT 1
| #define HAVE_DCGETTEXT 1
| #define STDC_HEADERS 1
| #define HAVE_SYS_TYPES_H 1
| #define HAVE_SYS_STAT_H 1
| #define HAVE_STDLIB_H 1
| #define HAVE_STRING_H 1
| #define HAVE_MEMORY_H 1
| #define HAVE_STRINGS_H 1
| #define HAVE_INTTYPES_H 1
| #define HAVE_STDINT_H 1
| #define HAVE_UNISTD_H 1
| #define HAVE_ALLOCA_H 1
| #define HAVE_ALLOCA 1
| #define HAVE_STDLIB_H 1
| #define HAVE_UNISTD_H 1
| #define HAVE_GETPAGESIZE 1
| #define INTDIV0_RAISES_SIGFPE 1
| #define HAVE_INTTYPES_H_WITH_UINTMAX 1
| #define HAVE_STDINT_H_WITH_UINTMAX 1
| #define HAVE_UNSIGNED_LONG_LONG 1
| #define HAVE_INTTYPES_H 1
| #define HAVE_ARGZ_H 1
| #define HAVE_LIMITS_H 1
| #define HAVE_LOCALE_H 1
| #define HAVE_NL_TYPES_H 1
| #define HAVE_MALLOC_H 1
| #define HAVE_STDDEF_H 1
| #define HAVE_STDLIB_H 1
| #define HAVE_STRING_H 1
| #define HAVE_UNISTD_H 1
| #define HAVE_SYS_PARAM_H 1
| #define HAVE_FEOF_UNLOCKED 1
| #define HAVE_FGETS_UNLOCKED 1
| #define HAVE_GETC_UNLOCKED 1
| #define HAVE_GETCWD 1
| #define HAVE_GETEGID 1
| #define HAVE_GETEUID 1
| #define HAVE_GETGID 1
| #define HAVE_GETUID 1
| #define HAVE_MEMPCPY 1
| #define HAVE_PUTENV 1
| #define HAVE_SETENV 1
| #define HAVE_SETLOCALE 1
| #define HAVE_STPCPY 1
| #define HAVE_STRCASECMP 1
| #define HAVE_STRDUP 1
| #define HAVE_STRTOUL 1
| #define HAVE_TSEARCH 1
| #define HAVE___ARGZ_COUNT 1
| #define HAVE___ARGZ_STRINGIFY 1
| #define HAVE___ARGZ_NEXT 1
| #define HAVE_ICONV 1
| #define ICONV_CONST const
| #define HAVE_LANGINFO_CODESET 1
| #define HAVE_LC_MESSAGES 1
| #define HAVE_SYS_SOCKIO_H 1
| #define HAVE_SRANDOM 1
| #define HAVE_RANDOM 1
| #define HAVE_INET_PTON 1
| #define HAVE_INET_NTOP 1
| #define HAVE_STRUCT_SOCKADDR_SA_LEN 1
| /* end confdefs.h.  */
| #include <sys/types.h>
| #include <netinet/in.h>
| 
| int
| main ()
| {
| if ((struct in_pktinfo *) 0)
|   return 0;
| if (sizeof (struct in_pktinfo))
|   return 0;
|   ;
|   return 0;
| }
configure:8860: result: no
configure:8870: checking for in_port_t
configure:8896: gcc -c -D__EMX__ -DOS2  -D__ST_MT_ERRNO__ -g  conftest.c >&5
configure:8902: $? = 0
configure:8906: test -z 
			 || test ! -s conftest.err
configure:8909: $? = 0
configure:8912: test -s conftest.o
configure:8915: $? = 0
configure:8926: result: yes
configure:9025: checking for getopt_long
configure:9082: gcc -o conftest.exe -D__EMX__ -DOS2  -D__ST_MT_ERRNO__ -g -Wall  -Zexe -Zomf -Zmap -Zargs-wild -D__ST_MT_ERRNO__ conftest.c  >&5
configure:9088: $? = 0
configure:9092: test -z 
			 || test ! -s conftest.err
configure:9095: $? = 0
configure:9098: test -s conftest.exe
configure:9101: $? = 0
configure:9113: result: yes
configure:9267: creating ./config.status

## ---------------------- ##
## Running config.status. ##
## ---------------------- ##

This file was extended by config.status, which was
generated by GNU Autoconf 2.59.  Invocation command line was

  CONFIG_FILES    = 
  CONFIG_HEADERS  = 
  CONFIG_LINKS    = 
  CONFIG_COMMANDS = 
  $ ./config.status 

on NEOIII

config.status:10053: creating Makefile
config.status:10053: creating m4/Makefile
config.status:10053: creating lib/Makefile
config.status:10053: creating lib/contrib/Makefile
config.status:10053: creating src/Makefile
config.status:10053: creating doc/Makefile
config.status:10053: creating doc/drafts/Makefile
config.status:10053: creating po/Makefile.in
config.status:10053: creating doc/texi2pod.pl
config.status:10160: creating config.h
config.status:10484: executing depfiles commands
config.status:10484: executing default-1 commands

## ---------------- ##
## Cache variables. ##
## ---------------- ##

ac_cv_build_alias=i386-pc-os2-emx
ac_cv_build=i386-pc-os2-emx
ac_cv_c_compiler_gnu=yes
ac_cv_c_const=yes
ac_cv_c_inline=inline
ac_cv_emxos2=yes
ac_cv_env_build_alias_set=
ac_cv_env_build_alias_value=
ac_cv_env_CC_set=set
ac_cv_env_CC_value=gcc
ac_cv_env_CFLAGS_set=
ac_cv_env_CFLAGS_value=
ac_cv_env_CPP_set=
ac_cv_env_CPP_value=
ac_cv_env_CPPFLAGS_set=
ac_cv_env_CPPFLAGS_value=
ac_cv_env_host_alias_set=
ac_cv_env_host_alias_value=
ac_cv_env_LDFLAGS_set=
ac_cv_env_LDFLAGS_value=
ac_cv_env_target_alias_set=
ac_cv_env_target_alias_value=
ac_cv_exeext=.exe
ac_cv_func___argz_count=yes
ac_cv_func___argz_next=yes
ac_cv_func___argz_stringify=yes
ac_cv_func_alloca_works=yes
ac_cv_func_feof_unlocked=yes
ac_cv_func_fgets_unlocked=yes
ac_cv_func_getc_unlocked=yes
ac_cv_func_getcwd=yes
ac_cv_func_getegid=yes
ac_cv_func_geteuid=yes
ac_cv_func_getgid=yes
ac_cv_func_gethostbyname=yes
ac_cv_func_getopt_long=yes
ac_cv_func_getpagesize=yes
ac_cv_func_getuid=yes
ac_cv_func_inet_ntop=yes
ac_cv_func_inet_pton=yes
ac_cv_func_mempcpy=yes
ac_cv_func_mmap_fixed_mapped=no
ac_cv_func_munmap=no
ac_cv_func_putenv=yes
ac_cv_func_random=yes
ac_cv_func_setenv=yes
ac_cv_func_setlocale=yes
ac_cv_func_socket=yes
ac_cv_func_srandom=yes
ac_cv_func_stpcpy=yes
ac_cv_func_strcasecmp=yes
ac_cv_func_strdup=yes
ac_cv_func_strtoul=yes
ac_cv_func_tsearch=yes
ac_cv_gnu_library_2_1=no
ac_cv_header_argz_h=yes
ac_cv_header_inttypes_h=yes
ac_cv_header_limits_h=yes
ac_cv_header_locale_h=yes
ac_cv_header_malloc_h=yes
ac_cv_header_memory_h=yes
ac_cv_header_nl_types_h=yes
ac_cv_header_stdc=yes
ac_cv_header_stddef_h=yes
ac_cv_header_stdint_h=yes
ac_cv_header_stdlib_h=yes
ac_cv_header_string_h=yes
ac_cv_header_strings_h=yes
ac_cv_header_sys_param_h=yes
ac_cv_header_sys_sockio_h=yes
ac_cv_header_sys_stat_h=yes
ac_cv_header_sys_types_h=yes
ac_cv_header_unistd_h=yes
ac_cv_host_alias=i386-pc-os2-emx
ac_cv_host=i386-pc-os2-emx
ac_cv_lib_cposix_strerror=no
ac_cv_lib_str_putmsg=no
ac_cv_libext=lib
ac_cv_member_struct_sockaddr_in_sin_len=yes
ac_cv_member_struct_sockaddr_sa_len=yes
ac_cv_objext=o
ac_cv_path___CHGRP=echo
ac_cv_path___CHOWN=echo
ac_cv_path___RSH=echo
ac_cv_path__PATH_AWK=u:/moztools/awk.exe
ac_cv_path__PATH_EGREP=c:/emx/bin/egrep.exe
ac_cv_path__PATH_PERL=u:/Perl/bin/perl.exe
ac_cv_path__PATH_SED=u:/moztools/sed.exe
ac_cv_path__PATH_SH=u:/moztools/ash.exe
ac_cv_path__PATH_SORT=u:/moztools/sort.exe
ac_cv_path_AR=u:/usr/bin/ar.exe
ac_cv_path_FALSE=u:/bin/false.exe
ac_cv_path_GMSGFMT=u:/usr/bin/msgfmt.exe
ac_cv_path_install=u:/bin/INSTALL.exe
ac_cv_path_JAR=c:/programs/java142/bin/jar.exe
ac_cv_path_JAVAC=c:/programs/java142/bin/javac.exe
ac_cv_path_MAKE=u:/moztools/make.exe
ac_cv_path_MKDIR=u:/bin/mkdir.exe
ac_cv_path_MSGFMT=u:/usr/bin/msgfmt.exe
ac_cv_path_MSGMERGE=:
ac_cv_path_MV=u:/bin/mv.exe
ac_cv_path_PERL=u:/Perl/bin/perl.exe
ac_cv_path_POD2MAN=u:/PERL5/bin/pod2man
ac_cv_path_PROG_SENDMAIL=c:/tcpip/bin/sendmail.exe
ac_cv_path_RM=u:/bin/rm.exe
ac_cv_path_STRIP='echo '
ac_cv_path_TRUE=u:/bin/true.exe
ac_cv_path_uic=/dev/qt/trunk/bin/uic
ac_cv_path_XARGS=u:/moztools/xargs.exe
ac_cv_path_XGETTEXT=:
ac_cv_prog_ac_ct_CC=gcc
ac_cv_prog_ac_ct_RANLIB=echo
ac_cv_prog_AWK=gawk
ac_cv_prog_cc_g=yes
ac_cv_prog_cc_stdc=
ac_cv_prog_CPP='gcc -E'
ac_cv_prog_egrep='grep -E'
ac_cv_prog_INTLBISON=bison
ac_cv_prog_make_make_set=yes
ac_cv_target_alias=i386-pc-os2-emx
ac_cv_target=i386-pc-os2-emx
ac_cv_type_in_port_t=yes
ac_cv_type_off_t=yes
ac_cv_type_size_t=yes
ac_cv_type_struct_in_pktinfo=no
ac_cv_type_unsigned_long_long=yes
ac_cv_working_alloca_h=yes
acl_cv_hardcode_direct=no
acl_cv_hardcode_libdir_flag_spec='-L$libdir'
acl_cv_hardcode_libdir_separator=
acl_cv_hardcode_minus_L=yes
acl_cv_libext=a
acl_cv_path_LD=ld.exe
acl_cv_prog_gnu_ld=no
acl_cv_rpath=done
acl_cv_shlibext=dll
acl_cv_sys_lib_dlsearch_path_spec='/lib /usr/lib'
acl_cv_sys_lib_search_path_spec='/lib /usr/lib /usr/local/lib'
acl_cv_wl=-Wl,
am_cv_CC_dependencies_compiler_type=none
am_cv_func_iconv=yes
am_cv_langinfo_codeset=yes
am_cv_lib_iconv=no
am_cv_proto_iconv_arg1=const
am_cv_proto_iconv='extern size_t iconv (iconv_t cd, const char * *inbuf, size_t *inbytesleft, char * *outbuf, size_t *outbytesleft);'
am_cv_val_LC_MESSAGES=yes
gt_cv_func_gnugettext2_libc=yes
gt_cv_header_inttypes_h=yes
gt_cv_int_divbyzero_sigfpe=yes
gt_cv_inttypes_pri_broken=no
jm_ac_cv_header_inttypes_h=yes
jm_ac_cv_header_stdint_h=yes

## ----------------- ##
## Output variables. ##
## ----------------- ##

ACLOCAL='${SHELL} U:/progetti/netcat-0.7.1/missing --run aclocal-1.7'
ALLOCA=''
AMDEPBACKSLASH='\'
AMDEP_FALSE='#'
AMDEP_TRUE=''
AMTAR='tar.exe'
AUTOCONF='${SHELL} U:/progetti/netcat-0.7.1/missing --run autoconf'
AUTOHEADER='${SHELL} U:/progetti/netcat-0.7.1/missing --run autoheader'
AUTOMAKE='${SHELL} U:/progetti/netcat-0.7.1/missing --run automake-1.7'
AWK='gawk'
CC='gcc'
CCDEPMODE='depmode=none'
CFLAGS='-D__EMX__ -DOS2  -D__ST_MT_ERRNO__ -g -Wall'
CONTRIBLIBS=''
CPP='gcc -E'
CPPFLAGS=''
CYGPATH_W='echo'
DEFS='-DHAVE_CONFIG_H'
DEPDIR='.deps'
ECHO_C=''
ECHO_N='-n'
ECHO_T=''
EGREP='grep -E'
EXEEXT='.exe'
GLIBC21='no'
GMSGFMT=':'
INSTALL_DATA='${INSTALL} -m 644'
INSTALL_PROGRAM='${INSTALL}'
INSTALL_SCRIPT='${INSTALL}'
INSTALL_STRIP_PROGRAM='${SHELL} $(install_sh) -c -s'
INTLBISON='bison'
INTLLIBS=''
LDFLAGS='-Zexe -Zomf -Zmap -Zargs-wild -D__ST_MT_ERRNO__'
LIBICONV=''
LIBINTL=''
LIBOBJS=''
LIBS=''
LTLIBICONV=''
LTLIBINTL=''
LTLIBOBJS=''
MAKEINFO='makeinfo --no-split'
MKINSTALLDIRS='./mkinstalldirs'
MSGFMT='u:/usr/bin/msgfmt.exe'
MSGMERGE=':'
NEED_GETOPT_FALSE=''
NEED_GETOPT_TRUE='#'
OBJEXT='o'
PACKAGE='netcat'
PACKAGE_BUGREPORT=''
PACKAGE_NAME=''
PACKAGE_STRING=''
PACKAGE_TARNAME=''
PACKAGE_VERSION=''
PATH_SEPARATOR=';'
PERL='u:/Perl/bin/perl.exe'
POD2MAN='u:/PERL5/bin/pod2man'
POSUB='po'
RANLIB='echo'
SET_MAKE=''
SHELL='sh'
STRIP=''
USE_NLS='yes'
VERSION='0.7.1'
XGETTEXT=':'
ac_ct_CC='gcc'
ac_ct_RANLIB='echo'
ac_ct_STRIP=''
all_includes=' '
all_libraries=' '
am__fastdepCC_FALSE=''
am__fastdepCC_TRUE='#'
am__include='include'
am__leading_dot='.'
am__quote=''
bindir='${exec_prefix}/bin'
build='i386-pc-os2-emx'
build_alias=''
build_cpu='i386'
build_os='os2-emx'
build_vendor='pc'
datadir='${prefix}/share'
exec_prefix='${prefix}'
host='i386-pc-os2-emx'
host_alias=''
host_cpu='i386'
host_os='os2-emx'
host_vendor='pc'
includedir='${prefix}/include'
infodir='${prefix}/info'
install_sh='U:/progetti/netcat-0.7.1/install-sh'
libdir='${exec_prefix}/lib'
libexecdir='${exec_prefix}/libexec'
localstatedir='${prefix}/var'
mandir='${prefix}/man'
oldincludedir='/usr/include'
prefix='/usr/local'
program_transform_name='s,x,x,'
sbindir='${exec_prefix}/sbin'
sharedstatedir='${prefix}/com'
sysconfdir='${prefix}/etc'
target='i386-pc-os2-emx'
target_alias=''
target_cpu='i386'
target_os='os2-emx'
target_vendor='pc'

## ----------- ##
## confdefs.h. ##
## ----------- ##

#define ENABLE_NLS 1
#define HAVE_ALLOCA 1
#define HAVE_ALLOCA_H 1
#define HAVE_ARGZ_H 1
#define HAVE_DCGETTEXT 1
#define HAVE_FEOF_UNLOCKED 1
#define HAVE_FGETS_UNLOCKED 1
#define HAVE_GETCWD 1
#define HAVE_GETC_UNLOCKED 1
#define HAVE_GETEGID 1
#define HAVE_GETEUID 1
#define HAVE_GETGID 1
#define HAVE_GETOPT_LONG 1
#define HAVE_GETPAGESIZE 1
#define HAVE_GETTEXT 1
#define HAVE_GETUID 1
#define HAVE_ICONV 1
#define HAVE_INET_NTOP 1
#define HAVE_INET_PTON 1
#define HAVE_INTTYPES_H 1
#define HAVE_INTTYPES_H 1
#define HAVE_INTTYPES_H_WITH_UINTMAX 1
#define HAVE_IN_PORT_T 1
#define HAVE_LANGINFO_CODESET 1
#define HAVE_LC_MESSAGES 1
#define HAVE_LIMITS_H 1
#define HAVE_LOCALE_H 1
#define HAVE_MALLOC_H 1
#define HAVE_MEMORY_H 1
#define HAVE_MEMPCPY 1
#define HAVE_NL_TYPES_H 1
#define HAVE_PUTENV 1
#define HAVE_RANDOM 1
#define HAVE_SETENV 1
#define HAVE_SETLOCALE 1
#define HAVE_SRANDOM 1
#define HAVE_STDDEF_H 1
#define HAVE_STDINT_H 1
#define HAVE_STDINT_H_WITH_UINTMAX 1
#define HAVE_STDLIB_H 1
#define HAVE_STDLIB_H 1
#define HAVE_STDLIB_H 1
#define HAVE_STPCPY 1
#define HAVE_STRCASECMP 1
#define HAVE_STRDUP 1
#define HAVE_STRINGS_H 1
#define HAVE_STRING_H 1
#define HAVE_STRING_H 1
#define HAVE_STRTOUL 1
#define HAVE_STRUCT_SOCKADDR_SA_LEN 1
#define HAVE_SYS_PARAM_H 1
#define HAVE_SYS_SOCKIO_H 1
#define HAVE_SYS_STAT_H 1
#define HAVE_SYS_TYPES_H 1
#define HAVE_TSEARCH 1
#define HAVE_UNISTD_H 1
#define HAVE_UNISTD_H 1
#define HAVE_UNISTD_H 1
#define HAVE_UNSIGNED_LONG_LONG 1
#define HAVE___ARGZ_COUNT 1
#define HAVE___ARGZ_NEXT 1
#define HAVE___ARGZ_STRINGIFY 1
#define ICONV_CONST const
#define INTDIV0_RAISES_SIGFPE 1
#define PACKAGE "netcat"
#define PACKAGE_BUGREPORT ""
#define PACKAGE_NAME ""
#define PACKAGE_STRING ""
#define PACKAGE_TARNAME ""
#define PACKAGE_VERSION ""
#define STDC_HEADERS 1
#define VERSION "0.7.1"

configure: exit 0
